  main.cpp
c:\users\zbyszek\desktop\parrot\board.h(1): warning C4068: nieznana pragma
c:\users\zbyszek\desktop\parrot\main.cpp(6): error C2365: "round": zmiana definicji; definicja poprzednia była "funkcja"
c:\users\zbyszek\desktop\parrot\main.cpp(13): error C3861: "openFile": identyfikatora nie odnaleziono
c:\users\zbyszek\desktop\parrot\main.cpp(23): error C2065: "Player": niezadeklarowany identyfikator
c:\users\zbyszek\desktop\parrot\main.cpp(23): error C2563: niezgodność w liście formalnych parametrów
c:\users\zbyszek\desktop\parrot\main.cpp(33): error C2440: "inicjowanie": nie można konwertować z "GameObject *" na "int"
  c:\users\zbyszek\desktop\parrot\main.cpp(33): note: Brak kontekstu, w którym ta konwersja jest możliwa
c:\users\zbyszek\desktop\parrot\main.cpp(37): error C2227: po lewej "->reveal" musi wskazywać typ class/struct/union/generic
  c:\users\zbyszek\desktop\parrot\main.cpp(37): note: typ to "int"
c:\users\zbyszek\desktop\parrot\main.cpp(44): error C3861: "isYour": identyfikatora nie odnaleziono
c:\users\zbyszek\desktop\parrot\main.cpp(51): error C2440: "inicjowanie": nie można konwertować z "GameObject *" na "int"
  c:\users\zbyszek\desktop\parrot\main.cpp(51): note: Brak kontekstu, w którym ta konwersja jest możliwa
c:\users\zbyszek\desktop\parrot\main.cpp(53): error C2227: po lewej "->Name" musi wskazywać typ class/struct/union/generic
  c:\users\zbyszek\desktop\parrot\main.cpp(53): note: typ to "int"
c:\users\zbyszek\desktop\parrot\main.cpp(55): error C2227: po lewej "->canMove" musi wskazywać typ class/struct/union/generic
  c:\users\zbyszek\desktop\parrot\main.cpp(55): note: typ to "int"
c:\users\zbyszek\desktop\parrot\main.cpp(57): error C2227: po lewej "->move" musi wskazywać typ class/struct/union/generic
  c:\users\zbyszek\desktop\parrot\main.cpp(57): note: typ to "int"
c:\users\zbyszek\desktop\parrot\main.cpp(57): error C2059: błąd składniowy: „)”
c:\users\zbyszek\desktop\parrot\main.cpp(58): error C2563: niezgodność w liście formalnych parametrów
c:\users\zbyszek\desktop\parrot\main.cpp(62): error C2227: po lewej "->Name" musi wskazywać typ class/struct/union/generic
  c:\users\zbyszek\desktop\parrot\main.cpp(62): note: typ to "int"
c:\users\zbyszek\desktop\parrot\main.cpp(67): error C3861: "isYour": identyfikatora nie odnaleziono
c:\users\zbyszek\desktop\parrot\main.cpp(69): error C2227: po lewej "->canAttak" musi wskazywać typ class/struct/union/generic
  c:\users\zbyszek\desktop\parrot\main.cpp(69): note: typ to "int"
c:\users\zbyszek\desktop\parrot\main.cpp(69): error C2144: błąd składniowy: „int” powinno być poprzedzone „)”
c:\users\zbyszek\desktop\parrot\main.cpp(69): error C2062: nieoczekiwany typ "int"
c:\users\zbyszek\desktop\parrot\main.cpp(69): error C2059: błąd składniowy: „)”
c:\users\zbyszek\desktop\parrot\main.cpp(70): error C2143: błąd składniowy: brakuje „;” przed „{”
c:\users\zbyszek\desktop\parrot\main.cpp(71): error C2227: po lewej "->setHP" musi wskazywać typ class/struct/union/generic
  c:\users\zbyszek\desktop\parrot\main.cpp(71): note: typ to "int"
c:\users\zbyszek\desktop\parrot\main.cpp(71): error C2227: po lewej "->dmg" musi wskazywać typ class/struct/union/generic
  c:\users\zbyszek\desktop\parrot\main.cpp(71): note: typ to "int"
c:\users\zbyszek\desktop\parrot\main.cpp(73): error C2563: niezgodność w liście formalnych parametrów
c:\users\zbyszek\desktop\parrot\main.cpp(75): error C2181: niedozwolony else bez instrukcji if
c:\users\zbyszek\desktop\parrot\main.cpp(9): fatal error C1075: napotkano koniec pliku przed pozostawionym dopasowaniem nawias klamrowy "{"
  GameObject.cpp
c:\users\zbyszek\desktop\parrot\gameobject.cpp(22): error C2572: „str2int”: ponowna definicja domyślnego argumentu: parametr 1
  c:\users\zbyszek\desktop\parrot\header.h(19): note: zobacz deklarację „str2int”
c:\users\zbyszek\desktop\parrot\gameobject.cpp(72): error C2065: "x": niezadeklarowany identyfikator
c:\users\zbyszek\desktop\parrot\gameobject.cpp(72): error C2065: "y": niezadeklarowany identyfikator
c:\users\zbyszek\desktop\parrot\gameobject.cpp(72): error C2065: "name": niezadeklarowany identyfikator
c:\users\zbyszek\desktop\parrot\gameobject.cpp(80): error C2511: "bool Figure::canMove(int,int)": przeciążona funkcja członkowska nie została znaleziona w "Figure"
  c:\users\zbyszek\desktop\parrot\header.h(37): note: zobacz deklarację „Figure”
c:\users\zbyszek\desktop\parrot\gameobject.cpp(88): error C2597: niedozwolone odwołanie do niestatycznego elementu członkowskiego "Figure::cordX"
c:\users\zbyszek\desktop\parrot\gameobject.cpp(88): error C3867: „Figure::cordX”: niestandardowa składnia; użyj znaku „&”, aby utworzyć wskaźnik elementu członkowskiego
c:\users\zbyszek\desktop\parrot\gameobject.cpp(89): error C2597: niedozwolone odwołanie do niestatycznego elementu członkowskiego "Figure::cordY"
c:\users\zbyszek\desktop\parrot\gameobject.cpp(89): error C3867: „Figure::cordY”: niestandardowa składnia; użyj znaku „&”, aby utworzyć wskaźnik elementu członkowskiego
c:\users\zbyszek\desktop\parrot\gameobject.cpp(93): error C2597: niedozwolone odwołanie do niestatycznego elementu członkowskiego "Figure::movement"
c:\users\zbyszek\desktop\parrot\gameobject.cpp(93): error C3867: „Figure::movement”: niestandardowa składnia; użyj znaku „&”, aby utworzyć wskaźnik elementu członkowskiego
c:\users\zbyszek\desktop\parrot\gameobject.cpp(93): error C2568: "<=": nie można rozpoznać przeciążenia funkcji
c:\users\zbyszek\desktop\parrot\gameobject.cpp(101): error C2039: "owner": nie jest elementem członkowskim "GameObject"
  c:\users\zbyszek\desktop\parrot\header.h(22): note: zobacz deklarację „GameObject”
  Generowanie kodu...
  Trwa kompilowanie...
  Board.cpp
c:\users\zbyszek\desktop\parrot\board.h(1): warning C4068: nieznana pragma
c:\users\zbyszek\desktop\parrot\board.cpp(22): warning C4018: "<": niezgodność typu ze znakiem/bez znaku
c:\users\zbyszek\desktop\parrot\board.cpp(25): warning C4018: "<": niezgodność typu ze znakiem/bez znaku
c:\users\zbyszek\desktop\parrot\board.cpp(35): warning C4018: "<": niezgodność typu ze znakiem/bez znaku
c:\users\zbyszek\desktop\parrot\board.cpp(106): warning C4018: "<": niezgodność typu ze znakiem/bez znaku
c:\users\zbyszek\desktop\parrot\board.cpp(108): warning C4018: "<": niezgodność typu ze znakiem/bez znaku
  Generowanie kodu...
  Trwa kompilowanie...
  Figures.cpp
  Generowanie kodu...
